TN:
SF:src/app.js
FN:10,proxyUrl
FN:11,getData
FN:17,default
FN:42,updater
FNF:4
FNH:1
FNDA:0,proxyUrl
FNDA:0,getData
FNDA:5,default
FNDA:0,updater
DA:1,1
DA:2,1
DA:3,1
DA:4,1
DA:5,1
DA:6,1
DA:7,1
DA:8,1
DA:9,1
DA:10,1
DA:11,1
DA:12,0
DA:13,0
DA:14,0
DA:15,0
DA:16,1
DA:17,1
DA:18,5
DA:19,5
DA:20,5
DA:21,5
DA:22,5
DA:23,5
DA:24,5
DA:25,5
DA:26,5
DA:27,5
DA:28,5
DA:29,5
DA:30,5
DA:31,5
DA:32,5
DA:33,5
DA:34,5
DA:35,5
DA:36,5
DA:37,5
DA:38,5
DA:39,5
DA:40,5
DA:41,5
DA:42,5
DA:43,0
DA:44,0
DA:45,0
DA:46,0
DA:47,0
DA:48,0
DA:49,0
DA:50,0
DA:51,0
DA:52,0
DA:53,0
DA:54,5
DA:55,5
DA:56,0
DA:57,0
DA:58,0
DA:59,0
DA:60,0
DA:61,5
DA:62,5
DA:63,5
DA:64,5
DA:65,5
DA:66,5
DA:67,5
DA:68,5
DA:69,5
DA:70,5
DA:71,0
DA:72,0
DA:73,0
DA:74,0
DA:75,0
DA:76,0
DA:77,0
DA:78,0
DA:79,0
DA:80,0
DA:81,0
DA:82,0
DA:83,5
DA:84,5
DA:85,5
DA:86,5
DA:87,5
DA:88,5
DA:89,5
DA:90,5
LF:90
LH:58
BRDA:17,0,0,5
BRDA:62,1,0,5
BRDA:83,2,0,5
BRF:3
BRH:3
end_of_record
TN:
SF:src/parser.js
FN:3,getContent
FN:8,parser
FNF:2
FNH:0
FNDA:0,getContent
FNDA:0,parser
DA:1,1
DA:2,1
DA:3,1
DA:4,0
DA:5,0
DA:6,0
DA:7,1
DA:8,1
DA:9,0
DA:10,0
DA:11,0
DA:12,0
DA:13,0
DA:14,0
DA:15,0
DA:16,0
DA:17,0
DA:18,0
DA:19,0
DA:20,0
DA:21,0
DA:22,0
DA:23,0
DA:24,0
DA:25,0
DA:26,0
DA:27,0
DA:28,0
DA:29,0
DA:30,0
DA:31,0
DA:32,0
DA:33,0
DA:34,0
DA:35,0
DA:36,0
DA:37,0
DA:38,0
DA:39,1
LF:39
LH:6
BRF:0
BRH:0
end_of_record
TN:
SF:src/validator.js
FN:3,validator
FNF:1
FNH:1
FNDA:5,validator
DA:1,1
DA:2,1
DA:3,1
DA:4,5
DA:5,5
DA:6,5
DA:7,5
DA:8,5
DA:9,5
DA:10,1
LF:10
LH:10
BRDA:3,0,0,5
BRF:1
BRH:1
end_of_record
TN:
SF:src/view.js
FN:4,renderFeedback
FN:19,renderFeeds
FN:49,renderModal
FN:60,renderPosts
FN:119,renderForm
FN:135,watchedState
FNF:6
FNH:3
FNDA:15,renderFeedback
FNDA:0,renderFeeds
FNDA:0,renderModal
FNDA:0,renderPosts
FNDA:10,renderForm
FNDA:5,watchedState
DA:1,1
DA:2,1
DA:3,1
DA:4,1
DA:5,15
DA:6,15
DA:7,0
DA:8,0
DA:9,0
DA:10,0
DA:11,0
DA:12,15
DA:13,5
DA:14,5
DA:15,5
DA:16,5
DA:17,15
DA:18,1
DA:19,1
DA:20,0
DA:21,0
DA:22,0
DA:23,0
DA:24,0
DA:25,0
DA:26,0
DA:27,0
DA:28,0
DA:29,0
DA:30,0
DA:31,0
DA:32,0
DA:33,0
DA:34,0
DA:35,0
DA:36,0
DA:37,0
DA:38,0
DA:39,0
DA:40,0
DA:41,0
DA:42,0
DA:43,0
DA:44,0
DA:45,0
DA:46,0
DA:47,0
DA:48,1
DA:49,1
DA:50,0
DA:51,0
DA:52,0
DA:53,0
DA:54,0
DA:55,0
DA:56,0
DA:57,0
DA:58,0
DA:59,1
DA:60,1
DA:61,0
DA:62,0
DA:63,0
DA:64,0
DA:65,0
DA:66,0
DA:67,0
DA:68,0
DA:69,0
DA:70,0
DA:71,0
DA:72,0
DA:73,0
DA:74,0
DA:75,0
DA:76,0
DA:77,0
DA:78,0
DA:79,0
DA:80,0
DA:81,0
DA:82,0
DA:83,0
DA:84,0
DA:85,0
DA:86,0
DA:87,0
DA:88,0
DA:89,0
DA:90,0
DA:91,0
DA:92,0
DA:93,0
DA:94,0
DA:95,0
DA:96,0
DA:97,0
DA:98,0
DA:99,0
DA:100,0
DA:101,0
DA:102,0
DA:103,0
DA:104,0
DA:105,0
DA:106,0
DA:107,0
DA:108,0
DA:109,0
DA:110,0
DA:111,0
DA:112,0
DA:113,0
DA:114,0
DA:115,0
DA:116,0
DA:117,0
DA:118,0
DA:119,1
DA:120,10
DA:121,10
DA:122,10
DA:123,10
DA:124,10
DA:125,5
DA:126,5
DA:127,5
DA:128,5
DA:129,5
DA:130,5
DA:131,5
DA:132,5
DA:133,10
DA:134,1
DA:135,1
DA:136,15
DA:137,15
DA:138,15
DA:139,10
DA:140,10
DA:141,10
DA:142,15
DA:143,5
DA:144,5
DA:145,15
DA:146,0
DA:147,0
DA:148,15
DA:149,0
DA:150,0
DA:151,15
DA:152,0
DA:153,15
DA:154,15
DA:155,0
DA:156,0
DA:157,0
DA:158,0
DA:159,0
DA:160,0
DA:161,0
DA:162,0
DA:163,15
DA:164,1
LF:164
LH:51
BRDA:4,0,0,15
BRDA:6,1,0,0
BRDA:12,2,0,5
BRDA:119,3,0,10
BRDA:124,4,0,5
BRDA:135,5,0,5
BRDA:135,6,0,15
BRDA:138,7,0,10
BRDA:142,8,0,5
BRDA:145,9,0,0
BRDA:148,10,0,0
BRDA:151,11,0,0
BRDA:154,12,0,0
BRF:13
BRH:8
end_of_record
TN:
SF:src/locales/ru.js
FNF:0
FNH:0
DA:1,1
DA:2,1
DA:3,1
DA:4,1
DA:5,1
DA:6,1
DA:7,1
DA:8,1
DA:9,1
DA:10,1
DA:11,1
DA:12,1
DA:13,1
DA:14,1
DA:15,1
LF:15
LH:15
BRF:0
BRH:0
end_of_record
